<?xml version="1.0" encoding="UTF-8"?>
<!-- Generated by org.testng.reporters.JUnitReportReporter -->
<testsuite skipped="0" hostname="DESKTOP-BKRBU0Q" name="Test.RegisterTest" tests="1" failures="0" timestamp="31 Mar 2019 17:12:51 GMT" time="7.564" errors="0">
  <testcase name="submitWithInputEmpty" time="7.564" classname="Test.RegisterTest"/>
</testsuite> <!-- Test.RegisterTest -->
